<?xml version="1.0" encoding="UTF-8"?>
<testsuite xmlns:xsi="http://www.w3.org/2001/XMLSchema-instance" xsi:noNamespaceSchemaLocation="https://maven.apache.org/surefire/maven-surefire-plugin/xsd/surefire-test-report-3.0.xsd" version="3.0" name="com.example.usersapi.WireMockUsersApiTest" time="9.551" tests="7" errors="0" skipped="0" failures="0">
  <properties>
[...]
</properties>
  <testcase name="testGetAllUsers" classname="com.example.usersapi.WireMockUsersApiTest" time="1.772">
    <system-out><![CDATA[15:31:38.105 [main] INFO org.springframework.test.context.support.AnnotationConfigContextLoaderUtils -- Could not detect default configuration classes for test class [com.example.usersapi.WireMockUsersApiTest]: WireMockUsersApiTest does not declare any static, non-private, non-final, nested classes annotated with @Configuration.
15:31:38.224 [main] INFO org.springframework.boot.test.context.SpringBootTestContextBootstrapper -- Found @SpringBootConfiguration com.example.usersapi.UsersApiApplication for test class com.example.usersapi.WireMockUsersApiTest

  .   ____          _            __ _ _
 /\\ / ___'_ __ _ _(_)_ __  __ _ \ \ \ \
( ( )\___ | '_ | '_| | '_ \/ _` | \ \ \ \
 \\/  ___)| |_)| | | | | || (_| |  ) ) ) )
  '  |____| .__|_| |_|_| |_\__, | / / / /
 =========|_|==============|___/=/_/_/_/
 :: Spring Boot ::                (v3.2.0)

2025-12-03T15:31:38.981-03:00  INFO 14060 --- [users-api] [           main] c.example.usersapi.WireMockUsersApiTest  : Starting WireMockUsersApiTest using Java 21.0.8 with PID 14060 (started by jguer in C:\Users\jguer\users-openapi-wiremock-demo)
2025-12-03T15:31:38.981-03:00 DEBUG 14060 --- [users-api] [           main] c.example.usersapi.WireMockUsersApiTest  : Running with Spring Boot v3.2.0, Spring v6.1.1
2025-12-03T15:31:38.981-03:00  INFO 14060 --- [users-api] [           main] c.example.usersapi.WireMockUsersApiTest  : No active profile set, falling back to 1 default profile: "default"
2025-12-03T15:31:40.380-03:00  INFO 14060 --- [users-api] [           main] .s.d.r.c.RepositoryConfigurationDelegate : Bootstrapping Spring Data JPA repositories in DEFAULT mode.
2025-12-03T15:31:40.459-03:00  INFO 14060 --- [users-api] [           main] .s.d.r.c.RepositoryConfigurationDelegate : Finished Spring Data repository scanning in 61 ms. Found 1 JPA repository interface.
2025-12-03T15:31:41.188-03:00  INFO 14060 --- [users-api] [           main] o.hibernate.jpa.internal.util.LogHelper  : HHH000204: Processing PersistenceUnitInfo [name: default]
2025-12-03T15:31:41.331-03:00  INFO 14060 --- [users-api] [           main] org.hibernate.Version                    : HHH000412: Hibernate ORM core version 6.3.1.Final
2025-12-03T15:31:41.403-03:00  INFO 14060 --- [users-api] [           main] o.h.c.internal.RegionFactoryInitiator    : HHH000026: Second-level cache disabled
2025-12-03T15:31:41.801-03:00  INFO 14060 --- [users-api] [           main] o.s.o.j.p.SpringPersistenceUnitInfo      : No LoadTimeWeaver setup: ignoring JPA class transformer
2025-12-03T15:31:41.832-03:00  INFO 14060 --- [users-api] [           main] com.zaxxer.hikari.HikariDataSource       : HikariPool-1 - Starting...
2025-12-03T15:31:42.039-03:00  INFO 14060 --- [users-api] [           main] com.zaxxer.hikari.pool.HikariPool        : HikariPool-1 - Added connection conn0: url=jdbc:h2:mem:testdb user=SA
2025-12-03T15:31:42.039-03:00  INFO 14060 --- [users-api] [           main] com.zaxxer.hikari.HikariDataSource       : HikariPool-1 - Start completed.
2025-12-03T15:31:42.070-03:00  WARN 14060 --- [users-api] [           main] org.hibernate.orm.deprecation            : HHH90000025: H2Dialect does not need to be specified explicitly using 'hibernate.dialect' (remove the property setting and it will be selected by default)
2025-12-03T15:31:42.772-03:00  INFO 14060 --- [users-api] [           main] o.h.e.t.j.p.i.JtaPlatformInitiator       : HHH000489: No JTA platform available (set 'hibernate.transaction.jta.platform' to enable JTA platform integration)
2025-12-03T15:31:42.788-03:00 DEBUG 14060 --- [users-api] [           main] org.hibernate.SQL                        : 
    drop table if exists users cascade 
Hibernate: 
    drop table if exists users cascade 
2025-12-03T15:31:42.804-03:00 DEBUG 14060 --- [users-api] [           main] org.hibernate.SQL                        : 
    create table users (
        age integer,
        created_at timestamp(6) not null,
        id bigint generated by default as identity,
        updated_at timestamp(6) not null,
        phone varchar(20),
        name varchar(100) not null,
        email varchar(150) not null unique,
        primary key (id)
    )
Hibernate: 
    create table users (
        age integer,
        created_at timestamp(6) not null,
        id bigint generated by default as identity,
        updated_at timestamp(6) not null,
        phone varchar(20),
        name varchar(100) not null,
        email varchar(150) not null unique,
        primary key (id)
    )
2025-12-03T15:31:42.804-03:00  INFO 14060 --- [users-api] [           main] j.LocalContainerEntityManagerFactoryBean : Initialized JPA EntityManagerFactory for persistence unit 'default'
2025-12-03T15:31:43.247-03:00  INFO 14060 --- [users-api] [           main] o.s.d.j.r.query.QueryEnhancerFactory     : Hibernate is in classpath; If applicable, HQL parser will be used.
2025-12-03T15:31:44.583-03:00  WARN 14060 --- [users-api] [           main] JpaBaseConfiguration$JpaWebConfiguration : spring.jpa.open-in-view is enabled by default. Therefore, database queries may be performed during view rendering. Explicitly configure spring.jpa.open-in-view to disable this warning
2025-12-03T15:31:45.157-03:00  INFO 14060 --- [users-api] [           main] o.s.b.a.h2.H2ConsoleAutoConfiguration    : H2 console available at '/h2-console'. Database available at 'jdbc:h2:mem:testdb'
2025-12-03T15:31:45.302-03:00  INFO 14060 --- [users-api] [           main] c.example.usersapi.WireMockUsersApiTest  : Started WireMockUsersApiTest in 6.876 seconds (process running for 8.213)
🚀 WireMock Server iniciado em: http://localhost:9999

📋 Testando GET /users - Listar usuários
✅ Status: 200
📄 Resposta: [
    {
        "id": 1,
        "name": "João Silva",
        "email": "joao@email.com",
        "age": 30,
        "phone": "(11) 99999-9999",
        "createdAt": "2024-01-15T10:00:00",
        "updatedAt": "2024-01-15T10:00:00"
    },
    {
        "id": 2,
        "name": "Maria Santos",
        "email": "maria@email.com",
        "age": 25,
        "phone": "(11) 88888-8888",
        "createdAt": "2024-01-15T11:00:00",
        "updatedAt": "2024-01-15T11:00:00"
    }
]

🔴 WireMock Server parado
]]></system-out>
    <system-err><![CDATA[WARNING: A Java agent has been loaded dynamically (C:\Users\jguer\.m2\repository\net\bytebuddy\byte-buddy-agent\1.14.10\byte-buddy-agent-1.14.10.jar)
WARNING: If a serviceability tool is in use, please run with -XX:+EnableDynamicAgentLoading to hide this warning
WARNING: If a serviceability tool is not in use, please run with -Djdk.instrument.traceUsage for more information
WARNING: Dynamic loading of agents will be disallowed by default in a future release
]]></system-err>
  </testcase>
  <testcase name="testUpdateUser" classname="com.example.usersapi.WireMockUsersApiTest" time="0.101">
    <system-out><![CDATA[🚀 WireMock Server iniciado em: http://localhost:9999

✏️ Testando PUT /users/1 - Atualizar usuário
✅ Status: 200
📤 Request: {"phone":"(11) 99999-0000","age":31,"name":"João Silva Santos","email":"joao.santos@email.com"}
📥 Response: {
    "id": 1,
    "name": "João Silva Santos",
    "email": "joao.santos@email.com",
    "age": 31,
    "phone": "(11) 99999-0000",
    "createdAt": "2024-01-15T10:00:00",
    "updatedAt": "2024-01-15T13:00:00"
}

🔴 WireMock Server parado
]]></system-out>
  </testcase>
  <testcase name="demonstrateWireMockCapabilities" classname="com.example.usersapi.WireMockUsersApiTest" time="0.026">
    <system-out><![CDATA[🚀 WireMock Server iniciado em: http://localhost:9999

🎯 DEMONSTRAÇÃO DAS CAPACIDADES DO WIREMOCK
================================================
✅ Simulação de endpoints HTTP (GET, POST, PUT, DELETE)
✅ Configuração de respostas personalizadas
✅ Validação de headers e corpo da requisição
✅ Simulação de diferentes status codes
✅ Verificação de que endpoints foram chamados
✅ Teste de cenários de sucesso e erro

🔧 Para rodar os testes:
mvn test -Dtest=WireMockUsersApiTest

📸 Screenshots dos testes estão sendo capturados no console!
🔴 WireMock Server parado
]]></system-out>
  </testcase>
  <testcase name="testCreateUser" classname="com.example.usersapi.WireMockUsersApiTest" time="0.06">
    <system-out><![CDATA[🚀 WireMock Server iniciado em: http://localhost:9999

➕ Testando POST /users - Criar usuário
✅ Status: 201
📤 Request: {"phone":"(11) 77777-7777","age":28,"name":"Pedro Oliveira","email":"pedro@email.com"}
📥 Response: {
    "id": 3,
    "name": "Pedro Oliveira",
    "email": "pedro@email.com",
    "age": 28,
    "phone": "(11) 77777-7777",
    "createdAt": "2024-01-15T12:00:00",
    "updatedAt": "2024-01-15T12:00:00"
}

🔴 WireMock Server parado
]]></system-out>
  </testcase>
  <testcase name="testDeleteUser" classname="com.example.usersapi.WireMockUsersApiTest" time="0.053">
    <system-out><![CDATA[🚀 WireMock Server iniciado em: http://localhost:9999

🗑️ Testando DELETE /users/1 - Remover usuário
✅ Status: 204
📄 Response: (vazio - esperado para DELETE)
🔴 WireMock Server parado
]]></system-out>
  </testcase>
  <testcase name="testGetUserById" classname="com.example.usersapi.WireMockUsersApiTest" time="0.045">
    <system-out><![CDATA[🚀 WireMock Server iniciado em: http://localhost:9999

🔍 Testando GET /users/1 - Buscar usuário por ID
✅ Status: 200
📄 Resposta: {
    "id": 1,
    "name": "João Silva",
    "email": "joao@email.com",
    "age": 30,
    "phone": "(11) 99999-9999",
    "createdAt": "2024-01-15T10:00:00",
    "updatedAt": "2024-01-15T10:00:00"
}

🔴 WireMock Server parado
]]></system-out>
  </testcase>
  <testcase name="testUserNotFound" classname="com.example.usersapi.WireMockUsersApiTest" time="0.054">
    <system-out><![CDATA[🚀 WireMock Server iniciado em: http://localhost:9999

❌ Testando cenário de erro - Usuário não encontrado
✅ Status: 404
📄 Response: {
    "timestamp": "2024-01-15T12:00:00",
    "status": 404,
    "error": "Not Found",
    "message": "Usuário não encontrado com ID: 999"
}

🔴 WireMock Server parado
]]></system-out>
  </testcase>
</testsuite>